# JRE version: OpenJDK Runtime Environment Temurin-21.0.10+7 (21.0.10+7) (build 21.0.10+7-LTS)
# Java VM: OpenJDK 64-Bit Server VM Temurin-21.0.10+7 (21.0.10+7-LTS, mixed mode, sharing, tiered, compressed oops, compressed class ptrs, parallel gc, windows-amd64)
GC Precious Log:
 CardTable entry size: 512
 CPUs: 4 total, 4 available
 Memory: 7886M
 Large Page Support: Disabled
 NUMA Support: Disabled
 Compressed Oops: Enabled (32-bit)
 Alignments: Space 512K, Generation 512K, Heap 2M
 Heap Min Capacity: 100M
 Heap Initial Capacity: 100M
 Heap Max Capacity: 2G
 Pre-touch: Disabled
 Parallel Workers: 4
Heap:
 PSYoungGen      total 6144K, used 4541K [0x00000000d5580000, 0x00000000d5d80000, 0x0000000100000000)
  eden space 4096K, 71% used [0x00000000d5580000,0x00000000d58571d8,0x00000000d5980000)
  from space 2048K, 79% used [0x00000000d5b80000,0x00000000d5d18250,0x00000000d5d80000)
  to   space 2048K, 0% used [0x00000000d5980000,0x00000000d5980000,0x00000000d5b80000)
 ParOldGen       total 437248K, used 436767K [0x0000000080000000, 0x000000009ab00000, 0x00000000d5580000)
  object space 437248K, 99% used [0x0000000080000000,0x000000009aa87c70,0x000000009ab00000)
 Metaspace       used 93693K, committed 95424K, reserved 1179648K
  class space    used 9171K, committed 9984K, reserved 1048576K
GC Heap History (20 events):
Event: 3434.340 GC heap before
{Heap before GC invocations=10609 (full 11):
 PSYoungGen      total 2048K, used 1600K [0x00000000d5580000, 0x00000000d5980000, 0x0000000100000000)
  eden space 1024K, 100% used [0x00000000d5580000,0x00000000d5680000,0x00000000d5680000)
  from space 1024K, 56% used [0x00000000d5880000,0x00000000d5910000,0x00000000d5980000)
  to   space 1024K, 0% used [0x00000000d5780000,0x00000000d5780000,0x00000000d5880000)
 ParOldGen       total 427520K, used 427319K [0x0000000080000000, 0x000000009a180000, 0x00000000d5580000)
  object space 427520K, 99% used [0x0000000080000000,0x000000009a14dd90,0x000000009a180000)
 Metaspace       used 93691K, committed 95424K, reserved 1179648K
  class space    used 9171K, committed 9984K, reserved 1048576K
}
Event: 3434.342 GC heap after
{Heap after GC invocations=10609 (full 11):
 PSYoungGen      total 2560K, used 992K [0x00000000d5580000, 0x00000000d5b00000, 0x0000000100000000)
  eden space 1536K, 0% used [0x00000000d5580000,0x00000000d5580000,0x00000000d5700000)
  from space 1024K, 96% used [0x00000000d5780000,0x00000000d5878250,0x00000000d5880000)
  to   space 2048K, 0% used [0x00000000d5900000,0x00000000d5900000,0x00000000d5b00000)
 ParOldGen       total 428032K, used 427823K [0x0000000080000000, 0x000000009a200000, 0x00000000d5580000)
  object space 428032K, 99% used [0x0000000080000000,0x000000009a1cbd90,0x000000009a200000)
 Metaspace       used 93691K, committed 95424K, reserved 1179648K
  class space    used 9171K, committed 9984K, reserved 1048576K
}
Event: 3434.344 GC heap before
{Heap before GC invocations=10610 (full 11):
 PSYoungGen      total 2560K, used 2528K [0x00000000d5580000, 0x00000000d5b00000, 0x0000000100000000)
  eden space 1536K, 100% used [0x00000000d5580000,0x00000000d5700000,0x00000000d5700000)
  from space 1024K, 96% used [0x00000000d5780000,0x00000000d5878250,0x00000000d5880000)
  to   space 2048K, 0% used [0x00000000d5900000,0x00000000d5900000,0x00000000d5b00000)
 ParOldGen       total 428032K, used 427823K [0x0000000080000000, 0x000000009a200000, 0x00000000d5580000)
  object space 428032K, 99% used [0x0000000080000000,0x000000009a1cbd90,0x000000009a200000)
 Metaspace       used 93691K, committed 95424K, reserved 1179648K
  class space    used 9171K, committed 9984K, reserved 1048576K
}
Event: 3434.346 GC heap after
{Heap after GC invocations=10610 (full 11):
 PSYoungGen      total 3584K, used 1568K [0x00000000d5580000, 0x00000000d5b80000, 0x0000000100000000)
  eden space 1536K, 0% used [0x00000000d5580000,0x00000000d5580000,0x00000000d5700000)
  from space 2048K, 76% used [0x00000000d5900000,0x00000000d5a88000,0x00000000d5b00000)
  to   space 2048K, 0% used [0x00000000d5700000,0x00000000d5700000,0x00000000d5900000)
 ParOldGen       total 429056K, used 428807K [0x0000000080000000, 0x000000009a300000, 0x00000000d5580000)
  object space 429056K, 99% used [0x0000000080000000,0x000000009a2c1fe0,0x000000009a300000)
 Metaspace       used 93691K, committed 95424K, reserved 1179648K
  class space    used 9171K, committed 9984K, reserved 1048576K
}
Event: 3435.254 GC heap before
{Heap before GC invocations=10611 (full 11):
 PSYoungGen      total 3584K, used 3104K [0x00000000d5580000, 0x00000000d5b80000, 0x0000000100000000)
  eden space 1536K, 100% used [0x00000000d5580000,0x00000000d5700000,0x00000000d5700000)
  from space 2048K, 76% used [0x00000000d5900000,0x00000000d5a88000,0x00000000d5b00000)
  to   space 2048K, 0% used [0x00000000d5700000,0x00000000d5700000,0x00000000d5900000)
 ParOldGen       total 429056K, used 428807K [0x0000000080000000, 0x000000009a300000, 0x00000000d5580000)
  object space 429056K, 99% used [0x0000000080000000,0x000000009a2c1fe0,0x000000009a300000)
 Metaspace       used 93691K, committed 95424K, reserved 1179648K
  class space    used 9171K, committed 9984K, reserved 1048576K
}
Event: 3435.256 GC heap after
{Heap after GC invocations=10611 (full 11):
 PSYoungGen      total 3584K, used 1184K [0x00000000d5580000, 0x00000000d5a80000, 0x0000000100000000)
  eden space 1536K, 0% used [0x00000000d5580000,0x00000000d5580000,0x00000000d5700000)
  from space 2048K, 57% used [0x00000000d5700000,0x00000000d5828000,0x00000000d5900000)
  to   space 1536K, 0% used [0x00000000d5900000,0x00000000d5900000,0x00000000d5a80000)
 ParOldGen       total 430592K, used 430335K [0x0000000080000000, 0x000000009a480000, 0x00000000d5580000)
  object space 430592K, 99% used [0x0000000080000000,0x000000009a43ffe0,0x000000009a480000)
 Metaspace       used 93691K, committed 95424K, reserved 1179648K
  class space    used 9171K, committed 9984K, reserved 1048576K
}
Event: 3447.342 GC heap before
{Heap before GC invocations=10612 (full 11):
 PSYoungGen      total 3584K, used 2715K [0x00000000d5580000, 0x00000000d5a80000, 0x0000000100000000)
  eden space 1536K, 99% used [0x00000000d5580000,0x00000000d56fedf0,0x00000000d5700000)
  from space 2048K, 57% used [0x00000000d5700000,0x00000000d5828000,0x00000000d5900000)
  to   space 1536K, 0% used [0x00000000d5900000,0x00000000d5900000,0x00000000d5a80000)
 ParOldGen       total 430592K, used 430335K [0x0000000080000000, 0x000000009a480000, 0x00000000d5580000)
  object space 430592K, 99% used [0x0000000080000000,0x000000009a43ffe0,0x000000009a480000)
 Metaspace       used 93691K, committed 95424K, reserved 1179648K
  class space    used 9171K, committed 9984K, reserved 1048576K
}
Event: 3447.344 GC heap after
{Heap after GC invocations=10612 (full 11):
 PSYoungGen      total 2560K, used 96K [0x00000000d5580000, 0x00000000d5980000, 0x0000000100000000)
  eden space 2048K, 0% used [0x00000000d5580000,0x00000000d5580000,0x00000000d5780000)
  from space 512K, 18% used [0x00000000d5900000,0x00000000d5918000,0x00000000d5980000)
  to   space 1024K, 0% used [0x00000000d5780000,0x00000000d5780000,0x00000000d5880000)
 ParOldGen       total 431616K, used 431463K [0x0000000080000000, 0x000000009a580000, 0x00000000d5580000)
  object space 431616K, 99% used [0x0000000080000000,0x000000009a559fe0,0x000000009a580000)
 Metaspace       used 93691K, committed 95424K, reserved 1179648K
  class space    used 9171K, committed 9984K, reserved 1048576K
}
Event: 3447.349 GC heap before
{Heap before GC invocations=10613 (full 11):
 PSYoungGen      total 2560K, used 2144K [0x00000000d5580000, 0x00000000d5980000, 0x0000000100000000)
  eden space 2048K, 100% used [0x00000000d5580000,0x00000000d5780000,0x00000000d5780000)
  from space 512K, 18% used [0x00000000d5900000,0x00000000d5918000,0x00000000d5980000)
  to   space 1024K, 0% used [0x00000000d5780000,0x00000000d5780000,0x00000000d5880000)
 ParOldGen       total 431616K, used 431463K [0x0000000080000000, 0x000000009a580000, 0x00000000d5580000)
  object space 431616K, 99% used [0x0000000080000000,0x000000009a559fe0,0x000000009a580000)
 Metaspace       used 93691K, committed 95424K, reserved 1179648K
  class space    used 9171K, committed 9984K, reserved 1048576K
}
Event: 3447.351 GC heap after
{Heap after GC invocations=10613 (full 11):
 PSYoungGen      total 3072K, used 992K [0x00000000d5580000, 0x00000000d5c00000, 0x0000000100000000)
  eden space 2048K, 0% used [0x00000000d5580000,0x00000000d5580000,0x00000000d5780000)
  from space 1024K, 96% used [0x00000000d5780000,0x00000000d5878250,0x00000000d5880000)
  to   space 2048K, 0% used [0x00000000d5a00000,0x00000000d5a00000,0x00000000d5c00000)
 ParOldGen       total 432128K, used 431999K [0x0000000080000000, 0x000000009a600000, 0x00000000d5580000)
  object space 432128K, 99% used [0x0000000080000000,0x000000009a5dffe0,0x000000009a600000)
 Metaspace       used 93691K, committed 95424K, reserved 1179648K
  class space    used 9171K, committed 9984K, reserved 1048576K
}
Event: 3447.355 GC heap before
{Heap before GC invocations=10614 (full 11):
 PSYoungGen      total 3072K, used 3040K [0x00000000d5580000, 0x00000000d5c00000, 0x0000000100000000)
  eden space 2048K, 100% used [0x00000000d5580000,0x00000000d5780000,0x00000000d5780000)
  from space 1024K, 96% used [0x00000000d5780000,0x00000000d5878250,0x00000000d5880000)
  to   space 2048K, 0% used [0x00000000d5a00000,0x00000000d5a00000,0x00000000d5c00000)
 ParOldGen       total 432128K, used 431999K [0x0000000080000000, 0x000000009a600000, 0x00000000d5580000)
  object space 432128K, 99% used [0x0000000080000000,0x000000009a5dffe0,0x000000009a600000)
 Metaspace       used 93691K, committed 95424K, reserved 1179648K
  class space    used 9171K, committed 9984K, reserved 1048576K
}
Event: 3447.357 GC heap after
{Heap after GC invocations=10614 (full 11):
 PSYoungGen      total 4096K, used 2048K [0x00000000d5580000, 0x00000000d5d00000, 0x0000000100000000)
  eden space 2048K, 0% used [0x00000000d5580000,0x00000000d5580000,0x00000000d5780000)
  from space 2048K, 100% used [0x00000000d5a00000,0x00000000d5c00000,0x00000000d5c00000)
  to   space 2560K, 0% used [0x00000000d5780000,0x00000000d5780000,0x00000000d5a00000)
 ParOldGen       total 433152K, used 433016K [0x0000000080000000, 0x000000009a700000, 0x00000000d5580000)
  object space 433152K, 99% used [0x0000000080000000,0x000000009a6de230,0x000000009a700000)
 Metaspace       used 93691K, committed 95424K, reserved 1179648K
  class space    used 9171K, committed 9984K, reserved 1048576K
}
Event: 3447.361 GC heap before
{Heap before GC invocations=10615 (full 11):
 PSYoungGen      total 4096K, used 4096K [0x00000000d5580000, 0x00000000d5d00000, 0x0000000100000000)
  eden space 2048K, 100% used [0x00000000d5580000,0x00000000d5780000,0x00000000d5780000)
  from space 2048K, 100% used [0x00000000d5a00000,0x00000000d5c00000,0x00000000d5c00000)
  to   space 2560K, 0% used [0x00000000d5780000,0x00000000d5780000,0x00000000d5a00000)
 ParOldGen       total 433152K, used 433016K [0x0000000080000000, 0x000000009a700000, 0x00000000d5580000)
  object space 433152K, 99% used [0x0000000080000000,0x000000009a6de230,0x000000009a700000)
 Metaspace       used 93691K, committed 95424K, reserved 1179648K
  class space    used 9171K, committed 9984K, reserved 1048576K
}
Event: 3447.364 GC heap after
{Heap after GC invocations=10615 (full 11):
 PSYoungGen      total 4608K, used 2048K [0x00000000d5580000, 0x00000000d5d00000, 0x0000000100000000)
  eden space 2048K, 0% used [0x00000000d5580000,0x00000000d5580000,0x00000000d5780000)
  from space 2560K, 80% used [0x00000000d5780000,0x00000000d5980250,0x00000000d5a00000)
  to   space 2560K, 0% used [0x00000000d5a80000,0x00000000d5a80000,0x00000000d5d00000)
 ParOldGen       total 435200K, used 435056K [0x0000000080000000, 0x000000009a900000, 0x00000000d5580000)
  object space 435200K, 99% used [0x0000000080000000,0x000000009a8dc230,0x000000009a900000)
 Metaspace       used 93691K, committed 95424K, reserved 1179648K
  class space    used 9171K, committed 9984K, reserved 1048576K
}
Event: 3447.370 GC heap before
{Heap before GC invocations=10616 (full 11):
 PSYoungGen      total 4608K, used 4096K [0x00000000d5580000, 0x00000000d5d00000, 0x0000000100000000)
  eden space 2048K, 100% used [0x00000000d5580000,0x00000000d5780000,0x00000000d5780000)
  from space 2560K, 80% used [0x00000000d5780000,0x00000000d5980250,0x00000000d5a00000)
  to   space 2560K, 0% used [0x00000000d5a80000,0x00000000d5a80000,0x00000000d5d00000)
 ParOldGen       total 435200K, used 435056K [0x0000000080000000, 0x000000009a900000, 0x00000000d5580000)
  object space 435200K, 99% used [0x0000000080000000,0x000000009a8dc230,0x000000009a900000)
 Metaspace       used 93691K, committed 95424K, reserved 1179648K
  class space    used 9171K, committed 9984K, reserved 1048576K
}
Event: 3447.372 GC heap after
{Heap after GC invocations=10616 (full 11):
 PSYoungGen      total 3072K, used 224K [0x00000000d5580000, 0x00000000d5b00000, 0x0000000100000000)
  eden space 2560K, 0% used [0x00000000d5580000,0x00000000d5580000,0x00000000d5800000)
  from space 512K, 43% used [0x00000000d5a80000,0x00000000d5ab8000,0x00000000d5b00000)
  to   space 1024K, 0% used [0x00000000d5900000,0x00000000d5900000,0x00000000d5a00000)
 ParOldGen       total 435712K, used 435256K [0x0000000080000000, 0x000000009a980000, 0x00000000d5580000)
  object space 435712K, 99% used [0x0000000080000000,0x000000009a90e230,0x000000009a980000)
 Metaspace       used 93691K, committed 95424K, reserved 1179648K
  class space    used 9171K, committed 9984K, reserved 1048576K
}
Event: 3447.376 GC heap before
{Heap before GC invocations=10617 (full 11):
 PSYoungGen      total 3072K, used 2784K [0x00000000d5580000, 0x00000000d5b00000, 0x0000000100000000)
  eden space 2560K, 100% used [0x00000000d5580000,0x00000000d5800000,0x00000000d5800000)
  from space 512K, 43% used [0x00000000d5a80000,0x00000000d5ab8000,0x00000000d5b00000)
  to   space 1024K, 0% used [0x00000000d5900000,0x00000000d5900000,0x00000000d5a00000)
 ParOldGen       total 435712K, used 435256K [0x0000000080000000, 0x000000009a980000, 0x00000000d5580000)
  object space 435712K, 99% used [0x0000000080000000,0x000000009a90e230,0x000000009a980000)
 Metaspace       used 93691K, committed 95424K, reserved 1179648K
  class space    used 9171K, committed 9984K, reserved 1048576K
}
Event: 3447.379 GC heap after
{Heap after GC invocations=10617 (full 11):
 PSYoungGen      total 4096K, used 992K [0x00000000d5580000, 0x00000000d5e80000, 0x0000000100000000)
  eden space 3072K, 0% used [0x00000000d5580000,0x00000000d5580000,0x00000000d5880000)
  from space 1024K, 96% used [0x00000000d5900000,0x00000000d59f8250,0x00000000d5a00000)
  to   space 3072K, 0% used [0x00000000d5b80000,0x00000000d5b80000,0x00000000d5e80000)
 ParOldGen       total 436736K, used 436543K [0x0000000080000000, 0x000000009aa80000, 0x00000000d5580000)
  object space 436736K, 99% used [0x0000000080000000,0x000000009aa4fc70,0x000000009aa80000)
 Metaspace       used 93691K, committed 95424K, reserved 1179648K
  class space    used 9171K, committed 9984K, reserved 1048576K
}
Event: 3447.387 GC heap before
{Heap before GC invocations=10618 (full 11):
 PSYoungGen      total 4096K, used 4064K [0x00000000d5580000, 0x00000000d5e80000, 0x0000000100000000)
  eden space 3072K, 100% used [0x00000000d5580000,0x00000000d5880000,0x00000000d5880000)
  from space 1024K, 96% used [0x00000000d5900000,0x00000000d59f8250,0x00000000d5a00000)
  to   space 3072K, 0% used [0x00000000d5b80000,0x00000000d5b80000,0x00000000d5e80000)
 ParOldGen       total 436736K, used 436543K [0x0000000080000000, 0x000000009aa80000, 0x00000000d5580000)
  object space 436736K, 99% used [0x0000000080000000,0x000000009aa4fc70,0x000000009aa80000)
 Metaspace       used 93691K, committed 95424K, reserved 1179648K
  class space    used 9171K, committed 9984K, reserved 1048576K
}
Event: 3447.390 GC heap after
{Heap after GC invocations=10618 (full 11):
 PSYoungGen      total 6144K, used 1632K [0x00000000d5580000, 0x00000000d5d80000, 0x0000000100000000)
  eden space 4096K, 0% used [0x00000000d5580000,0x00000000d5580000,0x00000000d5980000)
  from space 2048K, 79% used [0x00000000d5b80000,0x00000000d5d18250,0x00000000d5d80000)
  to   space 2048K, 0% used [0x00000000d5980000,0x00000000d5980000,0x00000000d5b80000)
 ParOldGen       total 437248K, used 436767K [0x0000000080000000, 0x000000009ab00000, 0x00000000d5580000)
  object space 437248K, 99% used [0x0000000080000000,0x000000009aa87c70,0x000000009ab00000)
 Metaspace       used 93691K, committed 95424K, reserved 1179648K
  class space    used 9171K, committed 9984K, reserved 1048576K
}

